example/proguard/seeds.txt
com.adop.sample.BannerActivity
com.adop.sample.BannerActivity: BannerActivity()
com.adop.sample.CloseAdActivity
com.adop.sample.CloseAdActivity: CloseAdActivity()
com.adop.sample.CloseAdActivity: void showCloseAd(android.view.View)
com.adop.sample.InterstitialActivity
com.adop.sample.InterstitialActivity: InterstitialActivity()
com.adop.sample.InterstitialActivity: void loadInterstitial(android.view.View)
com.adop.sample.InterstitialActivity: void showInterstitial(android.view.View)
com.adop.sample.InterstitialActivity: void DirectInterstitial(android.view.View)
com.adop.sample.MainActivity
com.adop.sample.MainActivity: MainActivity()
com.adop.sample.R$anim: int abc_fade_in
com.adop.sample.R$anim: int abc_fade_out
com.adop.sample.R$anim: int abc_slide_in_bottom
com.adop.sample.R$anim: int abc_slide_in_top
com.adop.sample.R$anim: int abc_slide_out_bottom
com.adop.sample.R$anim: int abc_slide_out_top
com.adop.sample.R$attr: int actionBarDivider
com.adop.sample.R$attr: int actionBarItemBackground
com.adop.sample.R$attr: int actionBarSize
com.adop.sample.R$attr: int actionBarSplitStyle
com.adop.sample.R$attr: int actionBarStyle
com.adop.sample.R$attr: int actionBarTabBarStyle
com.adop.sample.R$attr: int actionBarTabStyle
com.adop.sample.R$attr: int actionBarTabTextStyle
com.adop.sample.R$attr: int actionBarWidgetTheme
com.adop.sample.R$attr: int actionButtonStyle
com.adop.sample.R$attr: int actionDropDownStyle
com.adop.sample.R$attr: int actionLayout
com.adop.sample.R$attr: int actionMenuTextAppearance
com.adop.sample.R$attr: int actionMenuTextColor
com.adop.sample.R$attr: int actionModeBackground
com.adop.sample.R$attr: int actionModeCloseButtonStyle
com.adop.sample.R$attr: int actionModeCloseDrawable
com.adop.sample.R$attr: int actionModeCopyDrawable
com.adop.sample.R$attr: int actionModeCutDrawable
com.adop.sample.R$attr: int actionModeFindDrawable
com.adop.sample.R$attr: int actionModePasteDrawable
com.adop.sample.R$attr: int actionModePopupWindowStyle
com.adop.sample.R$attr: int actionModeSelectAllDrawable
com.adop.sample.R$attr: int actionModeShareDrawable
com.adop.sample.R$attr: int actionModeSplitBackground
com.adop.sample.R$attr: int actionModeStyle
com.adop.sample.R$attr: int actionModeWebSearchDrawable
com.adop.sample.R$attr: int actionOverflowButtonStyle
com.adop.sample.R$attr: int actionProviderClass
com.adop.sample.R$attr: int actionViewClass
com.adop.sample.R$bool: int abc_action_bar_embed_tabs_pre_jb
com.adop.sample.R$bool: int abc_action_bar_expanded_action_views_exclusive
com.adop.sample.R$bool: int abc_config_actionMenuItemAllCaps
com.adop.sample.R$bool: int abc_config_allowActionMenuItemTextWithIcon
com.adop.sample.R$bool: int abc_config_showMenuShortcutsWhenKeyboardPresent
com.adop.sample.R$bool: int abc_split_action_bar_is_narrow
...
android.support.v7.internal.widget.ActionBarContainer
android.support.v7.internal.widget.ActionBarContainer: ActionBarContainer(android.content.Context)
android.support.v7.internal.widget.ActionBarContainer: ActionBarContainer(android.content.Context,android.util.AttributeSet)
android.support.v7.internal.widget.ActionBarContainer: void setPrimaryBackground(android.graphics.drawable.Drawable)
android.support.v7.internal.widget.ActionBarContainer: void setStackedBackground(android.graphics.drawable.Drawable)
android.support.v7.internal.widget.ActionBarContainer: void setSplitBackground(android.graphics.drawable.Drawable)
android.support.v7.internal.widget.ActionBarContainer: void setVisibility(int)
android.support.v7.internal.widget.ActionBarContainer: void setTransitioning(boolean)
android.support.v7.internal.widget.ActionBarContainer: void setTabContainer(android.support.v7.internal.widget.ScrollingTabContainerView)
android.support.v7.internal.widget.ActionBarContainer: android.view.View getTabContainer()
android.support.v7.internal.widget.ActionBarContextView
android.support.v7.internal.widget.ActionBarContextView: ActionBarContextView(android.content.Context)
android.support.v7.internal.widget.ActionBarContextView: ActionBarContextView(android.content.Context,android.util.AttributeSet)
android.support.v7.internal.widget.ActionBarContextView: ActionBarContextView(android.content.Context,android.util.AttributeSet,int)
android.support.v7.internal.widget.ActionBarContextView: void setSplitActionBar(boolean)
android.support.v7.internal.widget.ActionBarContextView: void setContentHeight(int)
android.support.v7.internal.widget.ActionBarContextView: void setCustomView(android.view.View)
android.support.v7.internal.widget.ActionBarContextView: void setTitle(java.lang.CharSequence)
android.support.v7.internal.widget.ActionBarContextView: void setSubtitle(java.lang.CharSequence)
android.support.v7.internal.widget.ActionBarContextView: java.lang.CharSequence getTitle()
android.support.v7.internal.widget.ActionBarContextView: java.lang.CharSequence getSubtitle()
android.support.v7.internal.widget.ActionBarContextView: void setTitleOptional(boolean)
android.support.v7.internal.widget.ActionBarContextView: void setVisibility(int)
android.support.v7.internal.widget.ActionBarContextView: int getAnimatedVisibility()
android.support.v7.internal.widget.ActionBarContextView: void setSplitView(android.support.v7.internal.widget.ActionBarContainer)
android.support.v7.internal.widget.ActionBarOverlayLayout
android.support.v7.internal.widget.ActionBarOverlayLayout: ActionBarOverlayLayout(android.content.Context)
android.support.v7.internal.widget.ActionBarOverlayLayout: ActionBarOverlayLayout(android.content.Context,android.util.AttributeSet)
android.support.v7.internal.widget.ActionBarOverlayLayout: void setActionBar(android.support.v7.app.ActionBar)