example/proguard/mapping.txt
com.adop.sample.BannerActivity -> com.adop.sample.BannerActivity:
    com.adop.sdk.BaseAdView mAdView -> a
    void onCreate(android.os.Bundle) -> onCreate
    void onPause() -> onPause
    void onResume() -> onResume
    void onDestroy() -> onDestroy
com.adop.sample.CloseAdActivity -> com.adop.sample.CloseAdActivity:
    android.widget.Button mShowButton -> a
    void onCreate(android.os.Bundle) -> onCreate
    void showCloseAd(android.view.View) -> showCloseAd
    void alertClose(android.view.View) -> a
com.adop.sample.CloseAdActivity$1 -> com.adop.sample.a:
    com.adop.sample.CloseAdActivity this$0 -> a
    void onClick(android.content.DialogInterface,int) -> onClick
com.adop.sample.CloseAdActivity$2 -> com.adop.sample.b:
    com.adop.sample.CloseAdActivity this$0 -> a
    void onClick(android.content.DialogInterface,int) -> onClick
com.adop.sample.InterstitialActivity -> com.adop.sample.InterstitialActivity:
    com.adop.sdk.BaseInterstitial mInterstitial -> a
    android.widget.Button mShowButton -> b
    void onCreate(android.os.Bundle) -> onCreate
    void loadInterstitial(android.view.View) -> loadInterstitial
    void showInterstitial(android.view.View) -> showInterstitial
    void DirectInterstitial(android.view.View) -> DirectInterstitial
    android.widget.Button access$0(com.adop.sample.InterstitialActivity) -> a
com.adop.sample.InterstitialActivity$1 -> com.adop.sample.c:
    com.adop.sample.InterstitialActivity this$0 -> a
    void onSuccesAd() -> a
    void onFailedAd() -> b
    void onCloseAd() -> c
com.adop.sample.MainActivity -> com.adop.sample.MainActivity:
    void onCreate(android.os.Bundle) -> onCreate
    void onListItemClick(android.widget.ListView,android.view.View,int,long) -> onListItemClick
com.adop.sample.MainActivity$Sample -> com.adop.sample.d:
    java.lang.String mTitle -> a
    java.lang.Class mActivityClass -> b
    java.lang.String toString() -> toString
    java.lang.Class getActivityClass() -> a
...
kr.co.uplusad.dmpcontrol.LGUDMPActivity$7 -> kr.co.uplusad.dmpcontrol.h:
    kr.co.uplusad.dmpcontrol.LGUDMPActivity this$0 -> a
    boolean onJsAlert(android.webkit.WebView,java.lang.String,java.lang.String,android.webkit.JsResult) -> onJsAlert
    boolean onJsConfirm(android.webkit.WebView,java.lang.String,java.lang.String,android.webkit.JsResult) -> onJsConfirm
    void onProgressChanged(android.webkit.WebView,int) -> onProgressChanged
kr.co.uplusad.dmpcontrol.LGUDMPActivity$7$1 -> kr.co.uplusad.dmpcontrol.i:
    kr.co.uplusad.dmpcontrol.LGUDMPActivity$7 this$1 -> a
    android.webkit.JsResult val$result -> b
    void onClick(android.content.DialogInterface,int) -> onClick
kr.co.uplusad.dmpcontrol.LGUDMPActivity$7$2 -> kr.co.uplusad.dmpcontrol.j:
    kr.co.uplusad.dmpcontrol.LGUDMPActivity$7 this$1 -> a
    android.webkit.JsResult val$result -> b
    void onClick(android.content.DialogInterface,int) -> onClick
kr.co.uplusad.dmpcontrol.LGUDMPActivity$7$3 -> kr.co.uplusad.dmpcontrol.k:
    kr.co.uplusad.dmpcontrol.LGUDMPActivity$7 this$1 -> a
    android.webkit.JsResult val$result -> b
    void onClick(android.content.DialogInterface,int) -> onClick
kr.co.uplusad.dmpcontrol.LGUDMPActivity$8 -> kr.co.uplusad.dmpcontrol.l:
    kr.co.uplusad.dmpcontrol.LGUDMPActivity this$0 -> a
    void onPageStarted(android.webkit.WebView,java.lang.String,android.graphics.Bitmap) -> onPageStarted
    void onPageFinished(android.webkit.WebView,java.lang.String) -> onPageFinished
    boolean shouldOverrideUrlLoading(android.webkit.WebView,java.lang.String) -> shouldOverrideUrlLoading
    void onReceivedError(android.webkit.WebView,int,java.lang.String,java.lang.String) -> onReceivedError
    kr.co.uplusad.dmpcontrol.LGUDMPActivity access$0(kr.co.uplusad.dmpcontrol.LGUDMPActivity$8) -> a
kr.co.uplusad.dmpcontrol.LGUDMPActivity$8$1 -> kr.co.uplusad.dmpcontrol.m:
    kr.co.uplusad.dmpcontrol.LGUDMPActivity$8 this$1 -> a
    java.lang.String val$sUrl -> b
    void onClick(android.content.DialogInterface,int) -> onClick
kr.co.uplusad.dmpcontrol.LGUDMPActivity$8$2 -> kr.co.uplusad.dmpcontrol.n:
    kr.co.uplusad.dmpcontrol.LGUDMPActivity$8 this$1 -> a
    void onClick(android.content.DialogInterface,int) -> onClick
kr.co.uplusad.dmpcontrol.LGUDMPActivity$ActivityFromJS -> kr.co.uplusad.dmpcontrol.o:
    kr.co.uplusad.dmpcontrol.LGUDMPActivity this$0 -> a
kr.co.uplusad.dmpcontrol.LGUDMPAdContainer -> kr.co.uplusad.dmpcontrol.p:
    int DEFAULT_TEXT_COLOR -> a
    int DEFAULT_BACKGROUND_COLOR -> b
    kr.co.uplusad.dmpcontrol.LGUDMPAdElem adElem -> d
    kr.co.uplusad.dmpcontrol.display.dispView _view -> e
    android.os.Handler mHandler -> f
    int backgroundColor -> g
    int textColor -> h
    boolean isVideo -> c
    kr.co.uplusad.dmpcontrol.display.dispView getDispView() -> getDispView
    void initialize(kr.co.uplusad.dmpcontrol.LGUDMPAdElem,android.content.Context,kr.co.uplusad.dmpcontrol.util.AdWebViewResult,android.util.AttributeSet,int) -> a
    kr.co.uplusad.dmpcontrol.LGUDMPAdElem getAdElem() -> getAdElem
    void setTextColor(int) -> setTextColor
    int getTextColor() -> getTextColor
    void setBackgroundColor(int) -> setBackgroundColor
    int getBackgroundColor() -> getBackgroundColor
    int getViewWidth() -> getViewWidth
    int getViewHeight() -> getViewHeight
    void setDpEvent() -> a
    void _onAttachedToWindow() -> b
    void _onDetachedFromWindow() -> c
    void onWindowVisibilityChanged(int) -> onWindowVisibilityChanged
    void removeBefore(kr.co.uplusad.dmpcontrol.LGUDMPAdView) -> a
    boolean UseSensor(kr.co.uplusad.dmpcontrol.LGUDMPAdView) -> b
    kr.co.uplusad.dmpcontrol.display.dispView access$0(kr.co.uplusad.dmpcontrol.LGUDMPAdContainer) -> a
kr.co.uplusad.dmpcontrol.LGUDMPAdContainer$1 -> kr.co.uplusad.dmpcontrol.q:
    kr.co.uplusad.dmpcontrol.LGUDMPAdContainer this$0 -> a
    void handleMessage(android.os.Message) -> handleMessage