example/proguard/usage.txt
com.adop.sample.BuildConfig
com.adop.sample.InterstitialActivity:
    private android.widget.Button mLoadButton
com.adop.sample.R
com.adop.sample.R$anim
com.adop.sample.R$attr
com.adop.sample.R$bool
com.adop.sample.R$color
com.adop.sample.R$dimen
com.adop.sample.R$drawable
com.adop.sample.R$id
com.adop.sample.R$integer
com.adop.sample.R$layout
com.adop.sample.R$menu
com.adop.sample.R$string
com.adop.sample.R$style
com.adop.sample.R$styleable
...
com.google.android.gms.internal.pf
com.google.android.gms.internal.pg:
    public void a(int,double)
    public void b(int,float)
    public void b(int,boolean)
    public void a(int,com.google.android.gms.internal.pn)
    public void a(int,byte[])
    public void t(int,int)
    public void e(double)
    public void d(float)
    public void U(boolean)
    public void r(byte[])
    public void gv(int)
    public static int b(int,double)
    public static int c(int,float)
    public static int d(int,long)
    public static int c(int,boolean)
    public static int b(int,byte[])
    public static int v(int,int)
    public static int f(double)
    public static int e(float)
    public static int D(long)
    public static int V(boolean)
    public static int s(byte[])
    public static int gx(int)
    public void gC(int)
    public void H(long)
    public static int gD(int)
com.google.android.gms.internal.ph:
    public final java.lang.Object a(com.google.android.gms.internal.pi)
    protected final boolean a(com.google.android.gms.internal.pf,int)
com.google.android.gms.internal.pi:
    public static com.google.android.gms.internal.pi a(int,java.lang.Class,int)
    private pi(int,java.lang.Class,int,boolean)
    final java.lang.Object l(java.util.List)
    private java.lang.Object m(java.util.List)
    private java.lang.Object n(java.util.List)
    protected java.lang.Object u(com.google.android.gms.internal.pf)
    protected void a(com.google.android.gms.internal.pp,java.util.List)
com.google.android.gms.internal.pj:
    public com.google.android.gms.internal.pk gE(int)
    public void a(int,com.google.android.gms.internal.pk)
    private int gG(int)
com.google.android.gms.internal.pk:
    void a(com.google.android.gms.internal.pp)
    java.lang.Object b(com.google.android.gms.internal.pi)
com.google.android.gms.internal.pl
com.google.android.gms.internal.pm
com.google.android.gms.internal.pn:
    public abstract com.google.android.gms.internal.pn b(com.google.android.gms.internal.pf)
    public static final com.google.android.gms.internal.pn a(com.google.android.gms.internal.pn,byte[])
    public static final com.google.android.gms.internal.pn b(com.google.android.gms.internal.pn,byte[],int,int)
com.google.android.gms.internal.pp:
    pp(int,byte[])
com.google.android.gms.internal.pq:
    static int gH(int)
    public static final int b(com.google.android.gms.internal.pf,int)
com.google.android.gms.internal.pr
com.google.android.gms.internal.pr$a
com.google.android.gms.internal.pr$b
com.google.android.gms.internal.pr$c
com.google.android.gms.internal.pr$d
com.google.android.gms.internal.r
com.google.android.gms.internal.r$a
com.google.android.gms.internal.r$a$a
com.google.android.gms.location.ActivityRecognition
com.google.android.gms.location.ActivityRecognition$1
com.google.android.gms.location.ActivityRecognition$a
com.google.android.gms.location.ActivityRecognitionApi
com.google.android.gms.location.ActivityRecognitionClient
com.google.android.gms.location.ActivityRecognitionResult:
    public static final java.lang.String EXTRA_ACTIVITY_RESULT
    public ActivityRecognitionResult(java.util.List,long,long)
    public ActivityRecognitionResult(com.google.android.gms.location.DetectedActivity,long,long)
    public static boolean hasResult(android.content.Intent)
    public static com.google.android.gms.location.ActivityRecognitionResult extractResult(android.content.Intent)
    public com.google.android.gms.location.DetectedActivity getMostProbableActivity()
    public int getActivityConfidence(int)
    public java.util.List getProbableActivities()
    public long getTime()
    public long getElapsedRealtimeMillis()
com.google.android.gms.location.ActivityRecognitionResultCreator:
    public static final int CONTENT_DESCRIPTION